  source.cpp
D:\Учеба\СистемноеПрограммирование\Project9\Project9\source.cpp(28,15): warning C4838: Преобразование из "double" в "LONG" требует сужающего преобразования.
D:\Учеба\СистемноеПрограммирование\Project9\Project9\source.cpp(28,15): warning C4244: инициализация: преобразование "double" в "LONG", возможна потеря данных
D:\Учеба\СистемноеПрограммирование\Project9\Project9\source.cpp(28,31): warning C4838: Преобразование из "double" в "LONG" требует сужающего преобразования.
D:\Учеба\СистемноеПрограммирование\Project9\Project9\source.cpp(28,31): warning C4244: инициализация: преобразование "double" в "LONG", возможна потеря данных
D:\Учеба\СистемноеПрограммирование\Project9\Project9\source.cpp(28,48): warning C4838: Преобразование из "double" в "LONG" требует сужающего преобразования.
D:\Учеба\СистемноеПрограммирование\Project9\Project9\source.cpp(28,48): warning C4244: инициализация: преобразование "double" в "LONG", возможна потеря данных
D:\Учеба\СистемноеПрограммирование\Project9\Project9\source.cpp(28,64): warning C4838: Преобразование из "double" в "LONG" требует сужающего преобразования.
D:\Учеба\СистемноеПрограммирование\Project9\Project9\source.cpp(28,64): warning C4244: инициализация: преобразование "double" в "LONG", возможна потеря данных
D:\Учеба\СистемноеПрограммирование\Project9\Project9\source.cpp(28,81): warning C4838: Преобразование из "double" в "LONG" требует сужающего преобразования.
D:\Учеба\СистемноеПрограммирование\Project9\Project9\source.cpp(28,81): warning C4244: инициализация: преобразование "double" в "LONG", возможна потеря данных
D:\Учеба\СистемноеПрограммирование\Project9\Project9\source.cpp(28,97): warning C4838: Преобразование из "double" в "LONG" требует сужающего преобразования.
D:\Учеба\СистемноеПрограммирование\Project9\Project9\source.cpp(28,97): warning C4244: инициализация: преобразование "double" в "LONG", возможна потеря данных
D:\Учеба\СистемноеПрограммирование\Project9\Project9\source.cpp(29,15): warning C4838: Преобразование из "double" в "LONG" требует сужающего преобразования.
D:\Учеба\СистемноеПрограммирование\Project9\Project9\source.cpp(29,15): warning C4244: инициализация: преобразование "double" в "LONG", возможна потеря данных
D:\Учеба\СистемноеПрограммирование\Project9\Project9\source.cpp(29,31): warning C4838: Преобразование из "double" в "LONG" требует сужающего преобразования.
D:\Учеба\СистемноеПрограммирование\Project9\Project9\source.cpp(29,31): warning C4244: инициализация: преобразование "double" в "LONG", возможна потеря данных
D:\Учеба\СистемноеПрограммирование\Project9\Project9\source.cpp(29,48): warning C4838: Преобразование из "double" в "LONG" требует сужающего преобразования.
D:\Учеба\СистемноеПрограммирование\Project9\Project9\source.cpp(29,48): warning C4244: инициализация: преобразование "double" в "LONG", возможна потеря данных
D:\Учеба\СистемноеПрограммирование\Project9\Project9\source.cpp(29,64): warning C4838: Преобразование из "double" в "LONG" требует сужающего преобразования.
D:\Учеба\СистемноеПрограммирование\Project9\Project9\source.cpp(29,64): warning C4244: инициализация: преобразование "double" в "LONG", возможна потеря данных
D:\Учеба\СистемноеПрограммирование\Project9\Project9\source.cpp(29,81): warning C4838: Преобразование из "double" в "LONG" требует сужающего преобразования.
D:\Учеба\СистемноеПрограммирование\Project9\Project9\source.cpp(29,81): warning C4244: инициализация: преобразование "double" в "LONG", возможна потеря данных
D:\Учеба\СистемноеПрограммирование\Project9\Project9\source.cpp(29,97): warning C4838: Преобразование из "double" в "LONG" требует сужающего преобразования.
D:\Учеба\СистемноеПрограммирование\Project9\Project9\source.cpp(29,97): warning C4244: инициализация: преобразование "double" в "LONG", возможна потеря данных
D:\Учеба\СистемноеПрограммирование\Project9\Project9\source.cpp(30,15): warning C4838: Преобразование из "double" в "LONG" требует сужающего преобразования.
D:\Учеба\СистемноеПрограммирование\Project9\Project9\source.cpp(30,15): warning C4244: инициализация: преобразование "double" в "LONG", возможна потеря данных
D:\Учеба\СистемноеПрограммирование\Project9\Project9\source.cpp(30,31): warning C4838: Преобразование из "double" в "LONG" требует сужающего преобразования.
D:\Учеба\СистемноеПрограммирование\Project9\Project9\source.cpp(30,31): warning C4244: инициализация: преобразование "double" в "LONG", возможна потеря данных
D:\Учеба\СистемноеПрограммирование\Project9\Project9\source.cpp(30,48): warning C4838: Преобразование из "double" в "LONG" требует сужающего преобразования.
D:\Учеба\СистемноеПрограммирование\Project9\Project9\source.cpp(30,48): warning C4244: инициализация: преобразование "double" в "LONG", возможна потеря данных
D:\Учеба\СистемноеПрограммирование\Project9\Project9\source.cpp(30,64): warning C4838: Преобразование из "double" в "LONG" требует сужающего преобразования.
D:\Учеба\СистемноеПрограммирование\Project9\Project9\source.cpp(30,64): warning C4244: инициализация: преобразование "double" в "LONG", возможна потеря данных
D:\Учеба\СистемноеПрограммирование\Project9\Project9\source.cpp(30,81): warning C4838: Преобразование из "double" в "LONG" требует сужающего преобразования.
D:\Учеба\СистемноеПрограммирование\Project9\Project9\source.cpp(30,81): warning C4244: инициализация: преобразование "double" в "LONG", возможна потеря данных
D:\Учеба\СистемноеПрограммирование\Project9\Project9\source.cpp(30,97): warning C4838: Преобразование из "double" в "LONG" требует сужающего преобразования.
D:\Учеба\СистемноеПрограммирование\Project9\Project9\source.cpp(30,97): warning C4244: инициализация: преобразование "double" в "LONG", возможна потеря данных
D:\Учеба\СистемноеПрограммирование\Project9\Project9\source.cpp(31,15): warning C4838: Преобразование из "double" в "LONG" требует сужающего преобразования.
D:\Учеба\СистемноеПрограммирование\Project9\Project9\source.cpp(31,15): warning C4244: инициализация: преобразование "double" в "LONG", возможна потеря данных
D:\Учеба\СистемноеПрограммирование\Project9\Project9\source.cpp(31,31): warning C4838: Преобразование из "double" в "LONG" требует сужающего преобразования.
D:\Учеба\СистемноеПрограммирование\Project9\Project9\source.cpp(31,31): warning C4244: инициализация: преобразование "double" в "LONG", возможна потеря данных
D:\Учеба\СистемноеПрограммирование\Project9\Project9\source.cpp(31,48): warning C4838: Преобразование из "double" в "LONG" требует сужающего преобразования.
D:\Учеба\СистемноеПрограммирование\Project9\Project9\source.cpp(31,48): warning C4244: инициализация: преобразование "double" в "LONG", возможна потеря данных
D:\Учеба\СистемноеПрограммирование\Project9\Project9\source.cpp(31,64): warning C4838: Преобразование из "double" в "LONG" требует сужающего преобразования.
D:\Учеба\СистемноеПрограммирование\Project9\Project9\source.cpp(31,64): warning C4244: инициализация: преобразование "double" в "LONG", возможна потеря данных
D:\Учеба\СистемноеПрограммирование\Project9\Project9\source.cpp(31,81): warning C4838: Преобразование из "double" в "LONG" требует сужающего преобразования.
D:\Учеба\СистемноеПрограммирование\Project9\Project9\source.cpp(31,81): warning C4244: инициализация: преобразование "double" в "LONG", возможна потеря данных
D:\Учеба\СистемноеПрограммирование\Project9\Project9\source.cpp(31,97): warning C4838: Преобразование из "double" в "LONG" требует сужающего преобразования.
D:\Учеба\СистемноеПрограммирование\Project9\Project9\source.cpp(31,97): warning C4244: инициализация: преобразование "double" в "LONG", возможна потеря данных
D:\Учеба\СистемноеПрограммирование\Project9\Project9\source.cpp(32,15): warning C4838: Преобразование из "double" в "LONG" требует сужающего преобразования.
D:\Учеба\СистемноеПрограммирование\Project9\Project9\source.cpp(32,15): warning C4244: инициализация: преобразование "double" в "LONG", возможна потеря данных
D:\Учеба\СистемноеПрограммирование\Project9\Project9\source.cpp(32,31): warning C4838: Преобразование из "double" в "LONG" требует сужающего преобразования.
D:\Учеба\СистемноеПрограммирование\Project9\Project9\source.cpp(32,31): warning C4244: инициализация: преобразование "double" в "LONG", возможна потеря данных
D:\Учеба\СистемноеПрограммирование\Project9\Project9\source.cpp(32,48): warning C4838: Преобразование из "double" в "LONG" требует сужающего преобразования.
D:\Учеба\СистемноеПрограммирование\Project9\Project9\source.cpp(32,48): warning C4244: инициализация: преобразование "double" в "LONG", возможна потеря данных
D:\Учеба\СистемноеПрограммирование\Project9\Project9\source.cpp(32,64): warning C4838: Преобразование из "double" в "LONG" требует сужающего преобразования.
D:\Учеба\СистемноеПрограммирование\Project9\Project9\source.cpp(32,64): warning C4244: инициализация: преобразование "double" в "LONG", возможна потеря данных
D:\Учеба\СистемноеПрограммирование\Project9\Project9\source.cpp(32,82): warning C4838: Преобразование из "double" в "LONG" требует сужающего преобразования.
D:\Учеба\СистемноеПрограммирование\Project9\Project9\source.cpp(32,82): warning C4244: инициализация: преобразование "double" в "LONG", возможна потеря данных
D:\Учеба\СистемноеПрограммирование\Project9\Project9\source.cpp(32,98): warning C4838: Преобразование из "double" в "LONG" требует сужающего преобразования.
D:\Учеба\СистемноеПрограммирование\Project9\Project9\source.cpp(32,98): warning C4244: инициализация: преобразование "double" в "LONG", возможна потеря данных
D:\Учеба\СистемноеПрограммирование\Project9\Project9\source.cpp(33,15): warning C4838: Преобразование из "double" в "LONG" требует сужающего преобразования.
D:\Учеба\СистемноеПрограммирование\Project9\Project9\source.cpp(33,15): warning C4244: инициализация: преобразование "double" в "LONG", возможна потеря данных
D:\Учеба\СистемноеПрограммирование\Project9\Project9\source.cpp(33,31): warning C4838: Преобразование из "double" в "LONG" требует сужающего преобразования.
D:\Учеба\СистемноеПрограммирование\Project9\Project9\source.cpp(33,31): warning C4244: инициализация: преобразование "double" в "LONG", возможна потеря данных
D:\Учеба\СистемноеПрограммирование\Project9\Project9\source.cpp(33,49): warning C4838: Преобразование из "double" в "LONG" требует сужающего преобразования.
D:\Учеба\СистемноеПрограммирование\Project9\Project9\source.cpp(33,49): warning C4244: инициализация: преобразование "double" в "LONG", возможна потеря данных
D:\Учеба\СистемноеПрограммирование\Project9\Project9\source.cpp(33,65): warning C4838: Преобразование из "double" в "LONG" требует сужающего преобразования.
D:\Учеба\СистемноеПрограммирование\Project9\Project9\source.cpp(33,65): warning C4244: инициализация: преобразование "double" в "LONG", возможна потеря данных
D:\Учеба\СистемноеПрограммирование\Project9\Project9\source.cpp(33,83): warning C4838: Преобразование из "double" в "LONG" требует сужающего преобразования.
D:\Учеба\СистемноеПрограммирование\Project9\Project9\source.cpp(33,83): warning C4244: инициализация: преобразование "double" в "LONG", возможна потеря данных
D:\Учеба\СистемноеПрограммирование\Project9\Project9\source.cpp(33,99): warning C4838: Преобразование из "double" в "LONG" требует сужающего преобразования.
D:\Учеба\СистемноеПрограммирование\Project9\Project9\source.cpp(33,99): warning C4244: инициализация: преобразование "double" в "LONG", возможна потеря данных
D:\Учеба\СистемноеПрограммирование\Project9\Project9\source.cpp(34,15): warning C4838: Преобразование из "double" в "LONG" требует сужающего преобразования.
D:\Учеба\СистемноеПрограммирование\Project9\Project9\source.cpp(34,15): warning C4244: инициализация: преобразование "double" в "LONG", возможна потеря данных
D:\Учеба\СистемноеПрограммирование\Project9\Project9\source.cpp(34,31): warning C4838: Преобразование из "double" в "LONG" требует сужающего преобразования.
D:\Учеба\СистемноеПрограммирование\Project9\Project9\source.cpp(34,31): warning C4244: инициализация: преобразование "double" в "LONG", возможна потеря данных
D:\Учеба\СистемноеПрограммирование\Project9\Project9\source.cpp(34,49): warning C4838: Преобразование из "double" в "LONG" требует сужающего преобразования.
D:\Учеба\СистемноеПрограммирование\Project9\Project9\source.cpp(34,49): warning C4244: инициализация: преобразование "double" в "LONG", возможна потеря данных
D:\Учеба\СистемноеПрограммирование\Project9\Project9\source.cpp(34,65): warning C4838: Преобразование из "double" в "LONG" требует сужающего преобразования.
D:\Учеба\СистемноеПрограммирование\Project9\Project9\source.cpp(34,65): warning C4244: инициализация: преобразование "double" в "LONG", возможна потеря данных
D:\Учеба\СистемноеПрограммирование\Project9\Project9\source.cpp(34,83): warning C4838: Преобразование из "double" в "LONG" требует сужающего преобразования.
D:\Учеба\СистемноеПрограммирование\Project9\Project9\source.cpp(34,83): warning C4244: инициализация: преобразование "double" в "LONG", возможна потеря данных
D:\Учеба\СистемноеПрограммирование\Project9\Project9\source.cpp(34,99): warning C4838: Преобразование из "double" в "LONG" требует сужающего преобразования.
D:\Учеба\СистемноеПрограммирование\Project9\Project9\source.cpp(34,99): warning C4244: инициализация: преобразование "double" в "LONG", возможна потеря данных
D:\Учеба\СистемноеПрограммирование\Project9\Project9\source.cpp(35,15): warning C4838: Преобразование из "double" в "LONG" требует сужающего преобразования.
D:\Учеба\СистемноеПрограммирование\Project9\Project9\source.cpp(35,15): warning C4244: инициализация: преобразование "double" в "LONG", возможна потеря данных
D:\Учеба\СистемноеПрограммирование\Project9\Project9\source.cpp(35,31): warning C4838: Преобразование из "double" в "LONG" требует сужающего преобразования.
D:\Учеба\СистемноеПрограммирование\Project9\Project9\source.cpp(35,31): warning C4244: инициализация: преобразование "double" в "LONG", возможна потеря данных
D:\Учеба\СистемноеПрограммирование\Project9\Project9\source.cpp(35,49): warning C4838: Преобразование из "double" в "LONG" требует сужающего преобразования.
D:\Учеба\СистемноеПрограммирование\Project9\Project9\source.cpp(35,49): warning C4244: инициализация: преобразование "double" в "LONG", возможна потеря данных
D:\Учеба\СистемноеПрограммирование\Project9\Project9\source.cpp(35,65): warning C4838: Преобразование из "double" в "LONG" требует сужающего преобразования.
D:\Учеба\СистемноеПрограммирование\Project9\Project9\source.cpp(35,65): warning C4244: инициализация: преобразование "double" в "LONG", возможна потеря данных
D:\Учеба\СистемноеПрограммирование\Project9\Project9\source.cpp(35,83): warning C4838: Преобразование из "double" в "LONG" требует сужающего преобразования.
D:\Учеба\СистемноеПрограммирование\Project9\Project9\source.cpp(35,83): warning C4244: инициализация: преобразование "double" в "LONG", возможна потеря данных
D:\Учеба\СистемноеПрограммирование\Project9\Project9\source.cpp(35,99): warning C4838: Преобразование из "double" в "LONG" требует сужающего преобразования.
D:\Учеба\СистемноеПрограммирование\Project9\Project9\source.cpp(35,99): warning C4244: инициализация: преобразование "double" в "LONG", возможна потеря данных
D:\Учеба\СистемноеПрограммирование\Project9\Project9\source.cpp(36,15): warning C4838: Преобразование из "double" в "LONG" требует сужающего преобразования.
D:\Учеба\СистемноеПрограммирование\Project9\Project9\source.cpp(36,15): warning C4244: инициализация: преобразование "double" в "LONG", возможна потеря данных
D:\Учеба\СистемноеПрограммирование\Project9\Project9\source.cpp(36,31): warning C4838: Преобразование из "double" в "LONG" требует сужающего преобразования.
D:\Учеба\СистемноеПрограммирование\Project9\Project9\source.cpp(36,31): warning C4244: инициализация: преобразование "double" в "LONG", возможна потеря данных
D:\Учеба\СистемноеПрограммирование\Project9\Project9\source.cpp(36,49): warning C4838: Преобразование из "double" в "LONG" требует сужающего преобразования.
D:\Учеба\СистемноеПрограммирование\Project9\Project9\source.cpp(36,49): warning C4244: инициализация: преобразование "double" в "LONG", возможна потеря данных
D:\Учеба\СистемноеПрограммирование\Project9\Project9\source.cpp(36,65): warning C4838: Преобразование из "double" в "LONG" требует сужающего преобразования.
D:\Учеба\СистемноеПрограммирование\Project9\Project9\source.cpp(36,65): warning C4244: инициализация: преобразование "double" в "LONG", возможна потеря данных
D:\Учеба\СистемноеПрограммирование\Project9\Project9\source.cpp(36,83): warning C4838: Преобразование из "double" в "LONG" требует сужающего преобразования.
D:\Учеба\СистемноеПрограммирование\Project9\Project9\source.cpp(36,83): warning C4244: инициализация: преобразование "double" в "LONG", возможна потеря данных
D:\Учеба\СистемноеПрограммирование\Project9\Project9\source.cpp(36,99): warning C4838: Преобразование из "double" в "LONG" требует сужающего преобразования.
D:\Учеба\СистемноеПрограммирование\Project9\Project9\source.cpp(36,99): warning C4244: инициализация: преобразование "double" в "LONG", возможна потеря данных
D:\Учеба\СистемноеПрограммирование\Project9\Project9\source.cpp(40,13): warning C4838: Преобразование из "double" в "int" требует сужающего преобразования.
D:\Учеба\СистемноеПрограммирование\Project9\Project9\source.cpp(40,13): warning C4244: инициализация: преобразование "double" в "int", возможна потеря данных
D:\Учеба\СистемноеПрограммирование\Project9\Project9\source.cpp(40,29): warning C4838: Преобразование из "double" в "int" требует сужающего преобразования.
D:\Учеба\СистемноеПрограммирование\Project9\Project9\source.cpp(40,29): warning C4244: инициализация: преобразование "double" в "int", возможна потеря данных
D:\Учеба\СистемноеПрограммирование\Project9\Project9\source.cpp(40,44): warning C4838: Преобразование из "double" в "int" требует сужающего преобразования.
D:\Учеба\СистемноеПрограммирование\Project9\Project9\source.cpp(40,44): warning C4244: инициализация: преобразование "double" в "int", возможна потеря данных
D:\Учеба\СистемноеПрограммирование\Project9\Project9\source.cpp(40,60): warning C4838: Преобразование из "double" в "int" требует сужающего преобразования.
D:\Учеба\СистемноеПрограммирование\Project9\Project9\source.cpp(40,60): warning C4244: инициализация: преобразование "double" в "int", возможна потеря данных
D:\Учеба\СистемноеПрограммирование\Project9\Project9\source.cpp(41,13): warning C4838: Преобразование из "double" в "int" требует сужающего преобразования.
D:\Учеба\СистемноеПрограммирование\Project9\Project9\source.cpp(41,13): warning C4244: инициализация: преобразование "double" в "int", возможна потеря данных
D:\Учеба\СистемноеПрограммирование\Project9\Project9\source.cpp(41,29): warning C4838: Преобразование из "double" в "int" требует сужающего преобразования.
D:\Учеба\СистемноеПрограммирование\Project9\Project9\source.cpp(41,29): warning C4244: инициализация: преобразование "double" в "int", возможна потеря данных
D:\Учеба\СистемноеПрограммирование\Project9\Project9\source.cpp(41,44): warning C4838: Преобразование из "double" в "int" требует сужающего преобразования.
D:\Учеба\СистемноеПрограммирование\Project9\Project9\source.cpp(41,44): warning C4244: инициализация: преобразование "double" в "int", возможна потеря данных
D:\Учеба\СистемноеПрограммирование\Project9\Project9\source.cpp(41,60): warning C4838: Преобразование из "double" в "int" требует сужающего преобразования.
D:\Учеба\СистемноеПрограммирование\Project9\Project9\source.cpp(41,60): warning C4244: инициализация: преобразование "double" в "int", возможна потеря данных
D:\Учеба\СистемноеПрограммирование\Project9\Project9\source.cpp(42,13): warning C4838: Преобразование из "double" в "int" требует сужающего преобразования.
D:\Учеба\СистемноеПрограммирование\Project9\Project9\source.cpp(42,13): warning C4244: инициализация: преобразование "double" в "int", возможна потеря данных
D:\Учеба\СистемноеПрограммирование\Project9\Project9\source.cpp(42,29): warning C4838: Преобразование из "double" в "int" требует сужающего преобразования.
D:\Учеба\СистемноеПрограммирование\Project9\Project9\source.cpp(42,29): warning C4244: инициализация: преобразование "double" в "int", возможна потеря данных
D:\Учеба\СистемноеПрограммирование\Project9\Project9\source.cpp(42,44): warning C4838: Преобразование из "double" в "int" требует сужающего преобразования.
D:\Учеба\СистемноеПрограммирование\Project9\Project9\source.cpp(42,44): warning C4244: инициализация: преобразование "double" в "int", возможна потеря данных
D:\Учеба\СистемноеПрограммирование\Project9\Project9\source.cpp(42,60): warning C4838: Преобразование из "double" в "int" требует сужающего преобразования.
D:\Учеба\СистемноеПрограммирование\Project9\Project9\source.cpp(42,60): warning C4244: инициализация: преобразование "double" в "int", возможна потеря данных
D:\Учеба\СистемноеПрограммирование\Project9\Project9\source.cpp(43,13): warning C4838: Преобразование из "double" в "int" требует сужающего преобразования.
D:\Учеба\СистемноеПрограммирование\Project9\Project9\source.cpp(43,13): warning C4244: инициализация: преобразование "double" в "int", возможна потеря данных
D:\Учеба\СистемноеПрограммирование\Project9\Project9\source.cpp(43,29): warning C4838: Преобразование из "double" в "int" требует сужающего преобразования.
D:\Учеба\СистемноеПрограммирование\Project9\Project9\source.cpp(43,29): warning C4244: инициализация: преобразование "double" в "int", возможна потеря данных
D:\Учеба\СистемноеПрограммирование\Project9\Project9\source.cpp(43,45): warning C4838: Преобразование из "double" в "int" требует сужающего преобразования.
D:\Учеба\СистемноеПрограммирование\Project9\Project9\source.cpp(43,45): warning C4244: инициализация: преобразование "double" в "int", возможна потеря данных
D:\Учеба\СистемноеПрограммирование\Project9\Project9\source.cpp(43,61): warning C4838: Преобразование из "double" в "int" требует сужающего преобразования.
D:\Учеба\СистемноеПрограммирование\Project9\Project9\source.cpp(43,61): warning C4244: инициализация: преобразование "double" в "int", возможна потеря данных
D:\Учеба\СистемноеПрограммирование\Project9\Project9\source.cpp(44,14): warning C4838: Преобразование из "double" в "int" требует сужающего преобразования.
D:\Учеба\СистемноеПрограммирование\Project9\Project9\source.cpp(44,14): warning C4244: инициализация: преобразование "double" в "int", возможна потеря данных
D:\Учеба\СистемноеПрограммирование\Project9\Project9\source.cpp(44,30): warning C4838: Преобразование из "double" в "int" требует сужающего преобразования.
D:\Учеба\СистемноеПрограммирование\Project9\Project9\source.cpp(44,30): warning C4244: инициализация: преобразование "double" в "int", возможна потеря данных
D:\Учеба\СистемноеПрограммирование\Project9\Project9\source.cpp(44,46): warning C4838: Преобразование из "double" в "int" требует сужающего преобразования.
D:\Учеба\СистемноеПрограммирование\Project9\Project9\source.cpp(44,46): warning C4244: инициализация: преобразование "double" в "int", возможна потеря данных
D:\Учеба\СистемноеПрограммирование\Project9\Project9\source.cpp(44,62): warning C4838: Преобразование из "double" в "int" требует сужающего преобразования.
D:\Учеба\СистемноеПрограммирование\Project9\Project9\source.cpp(44,62): warning C4244: инициализация: преобразование "double" в "int", возможна потеря данных
D:\Учеба\СистемноеПрограммирование\Project9\Project9\source.cpp(45,14): warning C4838: Преобразование из "double" в "int" требует сужающего преобразования.
D:\Учеба\СистемноеПрограммирование\Project9\Project9\source.cpp(45,14): warning C4244: инициализация: преобразование "double" в "int", возможна потеря данных
D:\Учеба\СистемноеПрограммирование\Project9\Project9\source.cpp(45,30): warning C4838: Преобразование из "double" в "int" требует сужающего преобразования.
D:\Учеба\СистемноеПрограммирование\Project9\Project9\source.cpp(45,30): warning C4244: инициализация: преобразование "double" в "int", возможна потеря данных
D:\Учеба\СистемноеПрограммирование\Project9\Project9\source.cpp(45,46): warning C4838: Преобразование из "double" в "int" требует сужающего преобразования.
D:\Учеба\СистемноеПрограммирование\Project9\Project9\source.cpp(45,46): warning C4244: инициализация: преобразование "double" в "int", возможна потеря данных
D:\Учеба\СистемноеПрограммирование\Project9\Project9\source.cpp(45,62): warning C4838: Преобразование из "double" в "int" требует сужающего преобразования.
D:\Учеба\СистемноеПрограммирование\Project9\Project9\source.cpp(45,62): warning C4244: инициализация: преобразование "double" в "int", возможна потеря данных
D:\Учеба\СистемноеПрограммирование\Project9\Project9\source.cpp(46,14): warning C4838: Преобразование из "double" в "int" требует сужающего преобразования.
D:\Учеба\СистемноеПрограммирование\Project9\Project9\source.cpp(46,14): warning C4244: инициализация: преобразование "double" в "int", возможна потеря данных
D:\Учеба\СистемноеПрограммирование\Project9\Project9\source.cpp(46,30): warning C4838: Преобразование из "double" в "int" требует сужающего преобразования.
D:\Учеба\СистемноеПрограммирование\Project9\Project9\source.cpp(46,30): warning C4244: инициализация: преобразование "double" в "int", возможна потеря данных
D:\Учеба\СистемноеПрограммирование\Project9\Project9\source.cpp(46,46): warning C4838: Преобразование из "double" в "int" требует сужающего преобразования.
D:\Учеба\СистемноеПрограммирование\Project9\Project9\source.cpp(46,46): warning C4244: инициализация: преобразование "double" в "int", возможна потеря данных
D:\Учеба\СистемноеПрограммирование\Project9\Project9\source.cpp(46,62): warning C4838: Преобразование из "double" в "int" требует сужающего преобразования.
D:\Учеба\СистемноеПрограммирование\Project9\Project9\source.cpp(46,62): warning C4244: инициализация: преобразование "double" в "int", возможна потеря данных
D:\Учеба\СистемноеПрограммирование\Project9\Project9\source.cpp(47,14): warning C4838: Преобразование из "double" в "int" требует сужающего преобразования.
D:\Учеба\СистемноеПрограммирование\Project9\Project9\source.cpp(47,14): warning C4244: инициализация: преобразование "double" в "int", возможна потеря данных
D:\Учеба\СистемноеПрограммирование\Project9\Project9\source.cpp(47,30): warning C4838: Преобразование из "double" в "int" требует сужающего преобразования.
D:\Учеба\СистемноеПрограммирование\Project9\Project9\source.cpp(47,30): warning C4244: инициализация: преобразование "double" в "int", возможна потеря данных
D:\Учеба\СистемноеПрограммирование\Project9\Project9\source.cpp(47,46): warning C4838: Преобразование из "double" в "int" требует сужающего преобразования.
D:\Учеба\СистемноеПрограммирование\Project9\Project9\source.cpp(47,46): warning C4244: инициализация: преобразование "double" в "int", возможна потеря данных
D:\Учеба\СистемноеПрограммирование\Project9\Project9\source.cpp(47,62): warning C4838: Преобразование из "double" в "int" требует сужающего преобразования.
D:\Учеба\СистемноеПрограммирование\Project9\Project9\source.cpp(47,62): warning C4244: инициализация: преобразование "double" в "int", возможна потеря данных
D:\Учеба\СистемноеПрограммирование\Project9\Project9\source.cpp(51,13): warning C4838: Преобразование из "double" в "int" требует сужающего преобразования.
D:\Учеба\СистемноеПрограммирование\Project9\Project9\source.cpp(51,13): warning C4244: инициализация: преобразование "double" в "int", возможна потеря данных
D:\Учеба\СистемноеПрограммирование\Project9\Project9\source.cpp(51,29): warning C4838: Преобразование из "double" в "int" требует сужающего преобразования.
D:\Учеба\СистемноеПрограммирование\Project9\Project9\source.cpp(51,29): warning C4244: инициализация: преобразование "double" в "int", возможна потеря данных
D:\Учеба\СистемноеПрограммирование\Project9\Project9\source.cpp(51,44): warning C4838: Преобразование из "double" в "int" требует сужающего преобразования.
D:\Учеба\СистемноеПрограммирование\Project9\Project9\source.cpp(51,44): warning C4244: инициализация: преобразование "double" в "int", возможна потеря данных
D:\Учеба\СистемноеПрограммирование\Project9\Project9\source.cpp(51,60): warning C4838: Преобразование из "double" в "int" требует сужающего преобразования.
D:\Учеба\СистемноеПрограммирование\Project9\Project9\source.cpp(51,60): warning C4244: инициализация: преобразование "double" в "int", возможна потеря данных
D:\Учеба\СистемноеПрограммирование\Project9\Project9\source.cpp(52,13): warning C4838: Преобразование из "double" в "int" требует сужающего преобразования.
D:\Учеба\СистемноеПрограммирование\Project9\Project9\source.cpp(52,13): warning C4244: инициализация: преобразование "double" в "int", возможна потеря данных
D:\Учеба\СистемноеПрограммирование\Project9\Project9\source.cpp(52,29): warning C4838: Преобразование из "double" в "int" требует сужающего преобразования.
D:\Учеба\СистемноеПрограммирование\Project9\Project9\source.cpp(52,29): warning C4244: инициализация: преобразование "double" в "int", возможна потеря данных
D:\Учеба\СистемноеПрограммирование\Project9\Project9\source.cpp(52,44): warning C4838: Преобразование из "double" в "int" требует сужающего преобразования.
D:\Учеба\СистемноеПрограммирование\Project9\Project9\source.cpp(52,44): warning C4244: инициализация: преобразование "double" в "int", возможна потеря данных
D:\Учеба\СистемноеПрограммирование\Project9\Project9\source.cpp(52,60): warning C4838: Преобразование из "double" в "int" требует сужающего преобразования.
D:\Учеба\СистемноеПрограммирование\Project9\Project9\source.cpp(52,60): warning C4244: инициализация: преобразование "double" в "int", возможна потеря данных
D:\Учеба\СистемноеПрограммирование\Project9\Project9\source.cpp(53,13): warning C4838: Преобразование из "double" в "int" требует сужающего преобразования.
D:\Учеба\СистемноеПрограммирование\Project9\Project9\source.cpp(53,13): warning C4244: инициализация: преобразование "double" в "int", возможна потеря данных
D:\Учеба\СистемноеПрограммирование\Project9\Project9\source.cpp(53,29): warning C4838: Преобразование из "double" в "int" требует сужающего преобразования.
D:\Учеба\СистемноеПрограммирование\Project9\Project9\source.cpp(53,29): warning C4244: инициализация: преобразование "double" в "int", возможна потеря данных
D:\Учеба\СистемноеПрограммирование\Project9\Project9\source.cpp(53,44): warning C4838: Преобразование из "double" в "int" требует сужающего преобразования.
D:\Учеба\СистемноеПрограммирование\Project9\Project9\source.cpp(53,44): warning C4244: инициализация: преобразование "double" в "int", возможна потеря данных
D:\Учеба\СистемноеПрограммирование\Project9\Project9\source.cpp(53,60): warning C4838: Преобразование из "double" в "int" требует сужающего преобразования.
D:\Учеба\СистемноеПрограммирование\Project9\Project9\source.cpp(53,60): warning C4244: инициализация: преобразование "double" в "int", возможна потеря данных
D:\Учеба\СистемноеПрограммирование\Project9\Project9\source.cpp(54,13): warning C4838: Преобразование из "double" в "int" требует сужающего преобразования.
D:\Учеба\СистемноеПрограммирование\Project9\Project9\source.cpp(54,13): warning C4244: инициализация: преобразование "double" в "int", возможна потеря данных
D:\Учеба\СистемноеПрограммирование\Project9\Project9\source.cpp(54,29): warning C4838: Преобразование из "double" в "int" требует сужающего преобразования.
D:\Учеба\СистемноеПрограммирование\Project9\Project9\source.cpp(54,29): warning C4244: инициализация: преобразование "double" в "int", возможна потеря данных
D:\Учеба\СистемноеПрограммирование\Project9\Project9\source.cpp(54,44): warning C4838: Преобразование из "double" в "int" требует сужающего преобразования.
D:\Учеба\СистемноеПрограммирование\Project9\Project9\source.cpp(54,44): warning C4244: инициализация: преобразование "double" в "int", возможна потеря данных
D:\Учеба\СистемноеПрограммирование\Project9\Project9\source.cpp(54,60): warning C4838: Преобразование из "double" в "int" требует сужающего преобразования.
D:\Учеба\СистемноеПрограммирование\Project9\Project9\source.cpp(54,60): warning C4244: инициализация: преобразование "double" в "int", возможна потеря данных
D:\Учеба\СистемноеПрограммирование\Project9\Project9\source.cpp(55,13): warning C4838: Преобразование из "double" в "int" требует сужающего преобразования.
D:\Учеба\СистемноеПрограммирование\Project9\Project9\source.cpp(55,13): warning C4244: инициализация: преобразование "double" в "int", возможна потеря данных
D:\Учеба\СистемноеПрограммирование\Project9\Project9\source.cpp(55,29): warning C4838: Преобразование из "double" в "int" требует сужающего преобразования.
D:\Учеба\СистемноеПрограммирование\Project9\Project9\source.cpp(55,29): warning C4244: инициализация: преобразование "double" в "int", возможна потеря данных
D:\Учеба\СистемноеПрограммирование\Project9\Project9\source.cpp(55,45): warning C4838: Преобразование из "double" в "int" требует сужающего преобразования.
D:\Учеба\СистемноеПрограммирование\Project9\Project9\source.cpp(55,45): warning C4244: инициализация: преобразование "double" в "int", возможна потеря данных
D:\Учеба\СистемноеПрограммирование\Project9\Project9\source.cpp(55,61): warning C4838: Преобразование из "double" в "int" требует сужающего преобразования.
D:\Учеба\СистемноеПрограммирование\Project9\Project9\source.cpp(55,61): warning C4244: инициализация: преобразование "double" в "int", возможна потеря данных
D:\Учеба\СистемноеПрограммирование\Project9\Project9\source.cpp(56,14): warning C4838: Преобразование из "double" в "int" требует сужающего преобразования.
D:\Учеба\СистемноеПрограммирование\Project9\Project9\source.cpp(56,14): warning C4244: инициализация: преобразование "double" в "int", возможна потеря данных
D:\Учеба\СистемноеПрограммирование\Project9\Project9\source.cpp(56,30): warning C4838: Преобразование из "double" в "int" требует сужающего преобразования.
D:\Учеба\СистемноеПрограммирование\Project9\Project9\source.cpp(56,30): warning C4244: инициализация: преобразование "double" в "int", возможна потеря данных
D:\Учеба\СистемноеПрограммирование\Project9\Project9\source.cpp(56,46): warning C4838: Преобразование из "double" в "int" требует сужающего преобразования.
D:\Учеба\СистемноеПрограммирование\Project9\Project9\source.cpp(56,46): warning C4244: инициализация: преобразование "double" в "int", возможна потеря данных
D:\Учеба\СистемноеПрограммирование\Project9\Project9\source.cpp(56,62): warning C4838: Преобразование из "double" в "int" требует сужающего преобразования.
D:\Учеба\СистемноеПрограммирование\Project9\Project9\source.cpp(56,62): warning C4244: инициализация: преобразование "double" в "int", возможна потеря данных
D:\Учеба\СистемноеПрограммирование\Project9\Project9\source.cpp(57,14): warning C4838: Преобразование из "double" в "int" требует сужающего преобразования.
D:\Учеба\СистемноеПрограммирование\Project9\Project9\source.cpp(57,14): warning C4244: инициализация: преобразование "double" в "int", возможна потеря данных
D:\Учеба\СистемноеПрограммирование\Project9\Project9\source.cpp(57,30): warning C4838: Преобразование из "double" в "int" требует сужающего преобразования.
D:\Учеба\СистемноеПрограммирование\Project9\Project9\source.cpp(57,30): warning C4244: инициализация: преобразование "double" в "int", возможна потеря данных
D:\Учеба\СистемноеПрограммирование\Project9\Project9\source.cpp(57,46): warning C4838: Преобразование из "double" в "int" требует сужающего преобразования.
D:\Учеба\СистемноеПрограммирование\Project9\Project9\source.cpp(57,46): warning C4244: инициализация: преобразование "double" в "int", возможна потеря данных
D:\Учеба\СистемноеПрограммирование\Project9\Project9\source.cpp(57,62): warning C4838: Преобразование из "double" в "int" требует сужающего преобразования.
D:\Учеба\СистемноеПрограммирование\Project9\Project9\source.cpp(57,62): warning C4244: инициализация: преобразование "double" в "int", возможна потеря данных
D:\Учеба\СистемноеПрограммирование\Project9\Project9\source.cpp(58,14): warning C4838: Преобразование из "double" в "int" требует сужающего преобразования.
D:\Учеба\СистемноеПрограммирование\Project9\Project9\source.cpp(58,14): warning C4244: инициализация: преобразование "double" в "int", возможна потеря данных
D:\Учеба\СистемноеПрограммирование\Project9\Project9\source.cpp(58,30): warning C4838: Преобразование из "double" в "int" требует сужающего преобразования.
D:\Учеба\СистемноеПрограммирование\Project9\Project9\source.cpp(58,30): warning C4244: инициализация: преобразование "double" в "int", возможна потеря данных
D:\Учеба\СистемноеПрограммирование\Project9\Project9\source.cpp(58,46): warning C4838: Преобразование из "double" в "int" требует сужающего преобразования.
D:\Учеба\СистемноеПрограммирование\Project9\Project9\source.cpp(58,46): warning C4244: инициализация: преобразование "double" в "int", возможна потеря данных
D:\Учеба\СистемноеПрограммирование\Project9\Project9\source.cpp(58,62): warning C4838: Преобразование из "double" в "int" требует сужающего преобразования.
D:\Учеба\СистемноеПрограммирование\Project9\Project9\source.cpp(58,62): warning C4244: инициализация: преобразование "double" в "int", возможна потеря данных
D:\Учеба\СистемноеПрограммирование\Project9\Project9\source.cpp(59,14): warning C4838: Преобразование из "double" в "int" требует сужающего преобразования.
D:\Учеба\СистемноеПрограммирование\Project9\Project9\source.cpp(59,14): warning C4244: инициализация: преобразование "double" в "int", возможна потеря данных
D:\Учеба\СистемноеПрограммирование\Project9\Project9\source.cpp(59,30): warning C4838: Преобразование из "double" в "int" требует сужающего преобразования.
D:\Учеба\СистемноеПрограммирование\Project9\Project9\source.cpp(59,30): warning C4244: инициализация: преобразование "double" в "int", возможна потеря данных
D:\Учеба\СистемноеПрограммирование\Project9\Project9\source.cpp(59,46): warning C4838: Преобразование из "double" в "int" требует сужающего преобразования.
D:\Учеба\СистемноеПрограммирование\Project9\Project9\source.cpp(59,46): warning C4244: инициализация: преобразование "double" в "int", возможна потеря данных
D:\Учеба\СистемноеПрограммирование\Project9\Project9\source.cpp(59,62): warning C4838: Преобразование из "double" в "int" требует сужающего преобразования.
D:\Учеба\СистемноеПрограммирование\Project9\Project9\source.cpp(59,62): warning C4244: инициализация: преобразование "double" в "int", возможна потеря данных
D:\Учеба\СистемноеПрограммирование\Project9\Project9\source.cpp(81,124): warning C4244: аргумент: преобразование "double" в "int", возможна потеря данных
D:\Учеба\СистемноеПрограммирование\Project9\Project9\source.cpp(81,94): warning C4244: аргумент: преобразование "double" в "int", возможна потеря данных
D:\Учеба\СистемноеПрограммирование\Project9\Project9\source.cpp(85,31): warning C4838: Преобразование из "double" в "LONG" требует сужающего преобразования.
D:\Учеба\СистемноеПрограммирование\Project9\Project9\source.cpp(85,31): warning C4244: инициализация: преобразование "double" в "LONG", возможна потеря данных
D:\Учеба\СистемноеПрограммирование\Project9\Project9\source.cpp(85,47): warning C4838: Преобразование из "double" в "LONG" требует сужающего преобразования.
D:\Учеба\СистемноеПрограммирование\Project9\Project9\source.cpp(85,47): warning C4244: инициализация: преобразование "double" в "LONG", возможна потеря данных
D:\Учеба\СистемноеПрограммирование\Project9\Project9\source.cpp(85,64): warning C4838: Преобразование из "double" в "LONG" требует сужающего преобразования.
D:\Учеба\СистемноеПрограммирование\Project9\Project9\source.cpp(85,64): warning C4244: инициализация: преобразование "double" в "LONG", возможна потеря данных
D:\Учеба\СистемноеПрограммирование\Project9\Project9\source.cpp(85,80): warning C4838: Преобразование из "double" в "LONG" требует сужающего преобразования.
D:\Учеба\СистемноеПрограммирование\Project9\Project9\source.cpp(85,80): warning C4244: инициализация: преобразование "double" в "LONG", возможна потеря данных
D:\Учеба\СистемноеПрограммирование\Project9\Project9\source.cpp(85,98): warning C4838: Преобразование из "double" в "LONG" требует сужающего преобразования.
D:\Учеба\СистемноеПрограммирование\Project9\Project9\source.cpp(85,98): warning C4244: инициализация: преобразование "double" в "LONG", возможна потеря данных
D:\Учеба\СистемноеПрограммирование\Project9\Project9\source.cpp(85,114): warning C4838: Преобразование из "double" в "LONG" требует сужающего преобразования.
D:\Учеба\СистемноеПрограммирование\Project9\Project9\source.cpp(85,114): warning C4244: инициализация: преобразование "double" в "LONG", возможна потеря данных
D:\Учеба\СистемноеПрограммирование\Project9\Project9\source.cpp(90,39): warning C4244: аргумент: преобразование "double" в "int", возможна потеря данных
D:\Учеба\СистемноеПрограммирование\Project9\Project9\source.cpp(90,23): warning C4244: аргумент: преобразование "double" в "int", возможна потеря данных
D:\Учеба\СистемноеПрограммирование\Project9\Project9\source.cpp(91,36): warning C4244: аргумент: преобразование "double" в "int", возможна потеря данных
D:\Учеба\СистемноеПрограммирование\Project9\Project9\source.cpp(91,21): warning C4244: аргумент: преобразование "double" в "int", возможна потеря данных
D:\Учеба\СистемноеПрограммирование\Project9\Project9\source.cpp(93,29): warning C4838: Преобразование из "double" в "LONG" требует сужающего преобразования.
D:\Учеба\СистемноеПрограммирование\Project9\Project9\source.cpp(93,29): warning C4244: инициализация: преобразование "double" в "LONG", возможна потеря данных
D:\Учеба\СистемноеПрограммирование\Project9\Project9\source.cpp(93,44): warning C4838: Преобразование из "double" в "LONG" требует сужающего преобразования.
D:\Учеба\СистемноеПрограммирование\Project9\Project9\source.cpp(93,44): warning C4244: инициализация: преобразование "double" в "LONG", возможна потеря данных
D:\Учеба\СистемноеПрограммирование\Project9\Project9\source.cpp(93,61): warning C4838: Преобразование из "double" в "LONG" требует сужающего преобразования.
D:\Учеба\СистемноеПрограммирование\Project9\Project9\source.cpp(93,61): warning C4244: инициализация: преобразование "double" в "LONG", возможна потеря данных
D:\Учеба\СистемноеПрограммирование\Project9\Project9\source.cpp(93,76): warning C4838: Преобразование из "double" в "LONG" требует сужающего преобразования.
D:\Учеба\СистемноеПрограммирование\Project9\Project9\source.cpp(93,76): warning C4244: инициализация: преобразование "double" в "LONG", возможна потеря данных
D:\Учеба\СистемноеПрограммирование\Project9\Project9\source.cpp(93,93): warning C4838: Преобразование из "double" в "LONG" требует сужающего преобразования.
D:\Учеба\СистемноеПрограммирование\Project9\Project9\source.cpp(93,93): warning C4244: инициализация: преобразование "double" в "LONG", возможна потеря данных
D:\Учеба\СистемноеПрограммирование\Project9\Project9\source.cpp(93,108): warning C4838: Преобразование из "double" в "LONG" требует сужающего преобразования.
D:\Учеба\СистемноеПрограммирование\Project9\Project9\source.cpp(93,108): warning C4244: инициализация: преобразование "double" в "LONG", возможна потеря данных
D:\Учеба\СистемноеПрограммирование\Project9\Project9\source.cpp(93,125): warning C4838: Преобразование из "double" в "LONG" требует сужающего преобразования.
D:\Учеба\СистемноеПрограммирование\Project9\Project9\source.cpp(93,125): warning C4244: инициализация: преобразование "double" в "LONG", возможна потеря данных
D:\Учеба\СистемноеПрограммирование\Project9\Project9\source.cpp(93,140): warning C4838: Преобразование из "double" в "LONG" требует сужающего преобразования.
D:\Учеба\СистемноеПрограммирование\Project9\Project9\source.cpp(93,140): warning C4244: инициализация: преобразование "double" в "LONG", возможна потеря данных
D:\Учеба\СистемноеПрограммирование\Project9\Project9\source.cpp(93,158): warning C4838: Преобразование из "double" в "LONG" требует сужающего преобразования.
D:\Учеба\СистемноеПрограммирование\Project9\Project9\source.cpp(93,158): warning C4244: инициализация: преобразование "double" в "LONG", возможна потеря данных
D:\Учеба\СистемноеПрограммирование\Project9\Project9\source.cpp(93,173): warning C4838: Преобразование из "double" в "LONG" требует сужающего преобразования.
D:\Учеба\СистемноеПрограммирование\Project9\Project9\source.cpp(93,173): warning C4244: инициализация: преобразование "double" в "LONG", возможна потеря данных
  Project9.vcxproj -> D:\Учеба\СистемноеПрограммирование\Project9\x64\Debug\Project9.exe
